=======================================
MLP 分类器 + vae 自编码器 + mnist 数据集 
=======================================
✅ 使用设备: cuda
✅ PyTorch 版本: 2.11.0+cu126
数据加载完成 → 训练集 60000 张 | 测试集 10000 张
✅ 使用设备: cuda
[2026-04-12 17:42:41] 使用设备: cuda
[2026-04-12 17:42:41] PyTorch 版本: 2.11.0+cu126
[2026-04-12 17:42:41] 数据加载完成 → 训练集 60000 张 | 测试集 10000 张
[2026-04-12 17:42:42] 开始训练 vae + MLP 分类器...
[2026-04-12 17:42:50] Epoch: 1, Train Loss: 0.347524, Test Loss: 0.095742, Test Acc: 96.96%, Best Acc: 96.96%
[2026-04-12 17:42:56] Epoch: 2, Train Loss: 0.093560, Test Loss: 0.056523, Test Acc: 98.21%, Best Acc: 98.21%
[2026-04-12 17:43:02] Epoch: 3, Train Loss: 0.068921, Test Loss: 0.054710, Test Acc: 98.36%, Best Acc: 98.36%
[2026-04-12 17:43:08] Epoch: 4, Train Loss: 0.053177, Test Loss: 0.045440, Test Acc: 98.46%, Best Acc: 98.46%
[2026-04-12 17:43:13] Epoch: 5, Train Loss: 0.043645, Test Loss: 0.042391, Test Acc: 98.69%, Best Acc: 98.69%
[2026-04-12 17:43:19] Epoch: 6, Train Loss: 0.036372, Test Loss: 0.036834, Test Acc: 98.80%, Best Acc: 98.80%
[2026-04-12 17:43:25] Epoch: 7, Train Loss: 0.029684, Test Loss: 0.038534, Test Acc: 98.76%, Best Acc: 98.80%
[2026-04-12 17:43:31] Epoch: 8, Train Loss: 0.027944, Test Loss: 0.040532, Test Acc: 98.72%, Best Acc: 98.80%
[2026-04-12 17:43:37] Epoch: 9, Train Loss: 0.023066, Test Loss: 0.039190, Test Acc: 98.86%, Best Acc: 98.86%
[2026-04-12 17:43:49] Epoch: 10, Train Loss: 0.020650, Test Loss: 0.041897, Test Acc: 98.72%, Best Acc: 98.86%
[2026-04-12 17:43:55] Epoch: 11, Train Loss: 0.018408, Test Loss: 0.034756, Test Acc: 98.92%, Best Acc: 98.92%
[2026-04-12 17:44:00] Epoch: 12, Train Loss: 0.015645, Test Loss: 0.042160, Test Acc: 98.91%, Best Acc: 98.92%
[2026-04-12 17:44:06] Epoch: 13, Train Loss: 0.015002, Test Loss: 0.045016, Test Acc: 98.76%, Best Acc: 98.92%
[2026-04-12 17:44:12] Epoch: 14, Train Loss: 0.013798, Test Loss: 0.040857, Test Acc: 98.86%, Best Acc: 98.92%
[2026-04-12 17:44:17] Epoch: 15, Train Loss: 0.011665, Test Loss: 0.042149, Test Acc: 98.88%, Best Acc: 98.92%
[2026-04-12 17:44:23] Epoch: 16, Train Loss: 0.010978, Test Loss: 0.045245, Test Acc: 98.84%, Best Acc: 98.92%
[2026-04-12 17:44:28] Epoch: 17, Train Loss: 0.010309, Test Loss: 0.049881, Test Acc: 98.85%, Best Acc: 98.92%
[2026-04-12 17:44:34] Epoch: 18, Train Loss: 0.009846, Test Loss: 0.048646, Test Acc: 98.80%, Best Acc: 98.92%
[2026-04-12 17:44:40] Epoch: 19, Train Loss: 0.009194, Test Loss: 0.051390, Test Acc: 98.95%, Best Acc: 98.95%
[2026-04-12 17:44:46] Epoch: 20, Train Loss: 0.009655, Test Loss: 0.057599, Test Acc: 98.75%, Best Acc: 98.95%
[2026-04-12 17:44:46] 训练完成！
[2026-04-12 17:44:46] 最佳测试准确率: 98.95%
[2026-04-12 17:44:59] vae 分类器运行完毕！最佳模型已保存为 vae_classifier_best.pth


=======================================
MLP 分类器 + 原生 mlp_ae 自编码器 + mnist 数据集 
=======================================
✅ 使用设备: cuda
✅ PyTorch 版本: 2.11.0+cu126
数据加载完成 → 训练集 60000 张 | 测试集 10000 张
✅ 使用设备: cuda
[2026-04-12 17:53:54] 使用设备: cuda
[2026-04-12 17:53:54] PyTorch 版本: 2.11.0+cu126
[2026-04-12 17:53:54] 数据加载完成 → 训练集 60000 张 | 测试集 10000 张
[2026-04-12 17:53:54] 开始训练 mlp_ae + MLP 分类器...
[2026-04-12 17:53:59] Epoch: 1, Train Loss: 0.461058, Test Loss: 0.202901, Test Acc: 93.89%, Best Acc: 93.89%
[2026-04-12 17:54:06] Epoch: 2, Train Loss: 0.182034, Test Loss: 0.162073, Test Acc: 95.09%, Best Acc: 95.09%
[2026-04-12 17:54:12] Epoch: 3, Train Loss: 0.131087, Test Loss: 0.112124, Test Acc: 96.59%, Best Acc: 96.59%
[2026-04-12 17:54:17] Epoch: 4, Train Loss: 0.100217, Test Loss: 0.092925, Test Acc: 96.96%, Best Acc: 96.96%
[2026-04-12 17:54:22] Epoch: 5, Train Loss: 0.079439, Test Loss: 0.082598, Test Acc: 97.35%, Best Acc: 97.35%
[2026-04-12 17:54:28] Epoch: 6, Train Loss: 0.066154, Test Loss: 0.082012, Test Acc: 97.39%, Best Acc: 97.39%
[2026-04-12 17:54:33] Epoch: 7, Train Loss: 0.055898, Test Loss: 0.085286, Test Acc: 97.47%, Best Acc: 97.47%
[2026-04-12 17:54:38] Epoch: 8, Train Loss: 0.046500, Test Loss: 0.088349, Test Acc: 97.47%, Best Acc: 97.47%
[2026-04-12 17:54:43] Epoch: 9, Train Loss: 0.038882, Test Loss: 0.075337, Test Acc: 97.89%, Best Acc: 97.89%
[2026-04-12 17:54:49] Epoch: 10, Train Loss: 0.033353, Test Loss: 0.088662, Test Acc: 97.46%, Best Acc: 97.89%
[2026-04-12 17:54:54] Epoch: 11, Train Loss: 0.031489, Test Loss: 0.086740, Test Acc: 97.68%, Best Acc: 97.89%
[2026-04-12 17:54:59] Epoch: 12, Train Loss: 0.026410, Test Loss: 0.087019, Test Acc: 97.73%, Best Acc: 97.89%
[2026-04-12 17:55:05] Epoch: 13, Train Loss: 0.024747, Test Loss: 0.081946, Test Acc: 97.74%, Best Acc: 97.89%
[2026-04-12 17:55:10] Epoch: 14, Train Loss: 0.020694, Test Loss: 0.095515, Test Acc: 97.54%, Best Acc: 97.89%
[2026-04-12 17:55:15] Epoch: 15, Train Loss: 0.018694, Test Loss: 0.100284, Test Acc: 97.70%, Best Acc: 97.89%
[2026-04-12 17:55:21] Epoch: 16, Train Loss: 0.019454, Test Loss: 0.090063, Test Acc: 98.04%, Best Acc: 98.04%
[2026-04-12 17:55:26] Epoch: 17, Train Loss: 0.014290, Test Loss: 0.095261, Test Acc: 97.79%, Best Acc: 98.04%
[2026-04-12 17:55:31] Epoch: 18, Train Loss: 0.015435, Test Loss: 0.111561, Test Acc: 97.32%, Best Acc: 98.04%
[2026-04-12 17:55:37] Epoch: 19, Train Loss: 0.014333, Test Loss: 0.099805, Test Acc: 97.74%, Best Acc: 98.04%
[2026-04-12 17:55:42] Epoch: 20, Train Loss: 0.013727, Test Loss: 0.111394, Test Acc: 97.84%, Best Acc: 98.04%
[2026-04-12 17:55:42] 训练完成！
[2026-04-12 17:55:42] 最佳测试准确率: 98.04%
[2026-04-12 17:56:08] mlp_ae 分类器运行完毕！最佳模型已保存为 mlp_ae_classifier_best.pth


=======================================
MLP 分类器 + conv_ae 自编码器 + mnist 数据集 
=======================================
✅ 使用设备: cuda
✅ PyTorch 版本: 2.11.0+cu126
数据加载完成 → 训练集 60000 张 | 测试集 10000 张
✅ 使用设备: cuda
[2026-04-12 17:57:10] 使用设备: cuda
[2026-04-12 17:57:10] PyTorch 版本: 2.11.0+cu126
[2026-04-12 17:57:11] 数据加载完成 → 训练集 60000 张 | 测试集 10000 张
[2026-04-12 17:57:11] 开始训练 conv_ae + MLP 分类器...
[2026-04-12 17:57:19] Epoch: 1, Train Loss: 0.405904, Test Loss: 0.118152, Test Acc: 96.33%, Best Acc: 96.33%
[2026-04-12 17:57:26] Epoch: 2, Train Loss: 0.107331, Test Loss: 0.071077, Test Acc: 97.84%, Best Acc: 97.84%
[2026-04-12 17:57:32] Epoch: 3, Train Loss: 0.069980, Test Loss: 0.054951, Test Acc: 98.23%, Best Acc: 98.23%
[2026-04-12 17:57:37] Epoch: 4, Train Loss: 0.055883, Test Loss: 0.050333, Test Acc: 98.33%, Best Acc: 98.33%
[2026-04-12 17:57:43] Epoch: 5, Train Loss: 0.043956, Test Loss: 0.042828, Test Acc: 98.58%, Best Acc: 98.58%
[2026-04-12 17:57:48] Epoch: 6, Train Loss: 0.034797, Test Loss: 0.046199, Test Acc: 98.51%, Best Acc: 98.58%
[2026-04-12 17:57:54] Epoch: 7, Train Loss: 0.030968, Test Loss: 0.038865, Test Acc: 98.85%, Best Acc: 98.85%
[2026-04-12 17:58:00] Epoch: 8, Train Loss: 0.024591, Test Loss: 0.042408, Test Acc: 98.70%, Best Acc: 98.85%
[2026-04-12 17:58:06] Epoch: 9, Train Loss: 0.022573, Test Loss: 0.049193, Test Acc: 98.64%, Best Acc: 98.85%
[2026-04-12 17:58:11] Epoch: 10, Train Loss: 0.018261, Test Loss: 0.047016, Test Acc: 98.60%, Best Acc: 98.85%
[2026-04-12 17:58:17] Epoch: 11, Train Loss: 0.015231, Test Loss: 0.043816, Test Acc: 98.72%, Best Acc: 98.85%
[2026-04-12 17:58:23] Epoch: 12, Train Loss: 0.014621, Test Loss: 0.055555, Test Acc: 98.52%, Best Acc: 98.85%
[2026-04-12 17:58:29] Epoch: 13, Train Loss: 0.013880, Test Loss: 0.047014, Test Acc: 98.77%, Best Acc: 98.85%
[2026-04-12 17:58:34] Epoch: 14, Train Loss: 0.011151, Test Loss: 0.052783, Test Acc: 98.62%, Best Acc: 98.85%
[2026-04-12 17:58:40] Epoch: 15, Train Loss: 0.009679, Test Loss: 0.052726, Test Acc: 98.72%, Best Acc: 98.85%
[2026-04-12 17:58:46] Epoch: 16, Train Loss: 0.010997, Test Loss: 0.048941, Test Acc: 98.84%, Best Acc: 98.85%
[2026-04-12 17:58:51] Epoch: 17, Train Loss: 0.008753, Test Loss: 0.056261, Test Acc: 98.63%, Best Acc: 98.85%
[2026-04-12 17:58:57] Epoch: 18, Train Loss: 0.007948, Test Loss: 0.045900, Test Acc: 98.97%, Best Acc: 98.97%
[2026-04-12 17:59:03] Epoch: 19, Train Loss: 0.006139, Test Loss: 0.059474, Test Acc: 98.69%, Best Acc: 98.97%
[2026-04-12 17:59:09] Epoch: 20, Train Loss: 0.008797, Test Loss: 0.051775, Test Acc: 98.86%, Best Acc: 98.97%
[2026-04-12 17:59:09] 训练完成！
[2026-04-12 17:59:09] 最佳测试准确率: 98.97%
[2026-04-12 18:00:08] conv_ae 分类器运行完毕！最佳模型已保存为 conv_ae_classifier_best.pth
