=======================================================
Transformer 分类器 + 原生 mlp_ae 自编码器 + mnist 数据集 
=======================================================
✅ 使用设备: cuda
✅ PyTorch 版本: 2.11.0+cu126
数据加载完成 → 训练集 60000 张 | 测试集 10000 张
✅ 使用设备: cuda
[2026-04-12 18:11:18] 使用设备: cuda
[2026-04-12 18:11:18] PyTorch 版本: 2.11.0+cu126
[2026-04-12 18:11:18] 数据加载完成 → 训练集 60000 张 | 测试集 10000 张
[2026-04-12 18:11:18] 开始训练 mlp_ae + Transformer 分类器
[2026-04-12 18:11:30] Epoch: 1, Train Loss: 1.5701, Test Loss: 0.7881, Test Acc: 85.42%, Best: 85.42%
[2026-04-12 18:11:58] Epoch: 2, Train Loss: 0.6992, Test Loss: 0.3481, Test Acc: 92.07%, Best: 92.07%
[2026-04-12 18:12:33] Epoch: 3, Train Loss: 0.4314, Test Loss: 0.2312, Test Acc: 93.98%, Best: 93.98%
[2026-04-12 18:12:44] Epoch: 4, Train Loss: 0.3233, Test Loss: 0.1787, Test Acc: 95.29%, Best: 95.29%
[2026-04-12 18:12:56] Epoch: 5, Train Loss: 0.2586, Test Loss: 0.1581, Test Acc: 95.67%, Best: 95.67%
[2026-04-12 18:13:07] Epoch: 6, Train Loss: 0.2229, Test Loss: 0.1356, Test Acc: 96.30%, Best: 96.30%
[2026-04-12 18:13:18] Epoch: 7, Train Loss: 0.1953, Test Loss: 0.1367, Test Acc: 96.33%, Best: 96.33%
[2026-04-12 18:13:30] Epoch: 8, Train Loss: 0.1710, Test Loss: 0.1164, Test Acc: 96.94%, Best: 96.94%
[2026-04-12 18:13:42] Epoch: 9, Train Loss: 0.1554, Test Loss: 0.1253, Test Acc: 96.82%, Best: 96.94%
[2026-04-12 18:13:53] Epoch: 10, Train Loss: 0.1386, Test Loss: 0.1226, Test Acc: 96.81%, Best: 96.94%
[2026-04-12 18:14:04] Epoch: 11, Train Loss: 0.1257, Test Loss: 0.1231, Test Acc: 96.65%, Best: 96.94%
[2026-04-12 18:14:15] Epoch: 12, Train Loss: 0.1166, Test Loss: 0.1142, Test Acc: 97.04%, Best: 97.04%
[2026-04-12 18:14:39] Epoch: 13, Train Loss: 0.1035, Test Loss: 0.1176, Test Acc: 97.00%, Best: 97.04%
[2026-04-12 18:15:15] Epoch: 14, Train Loss: 0.0967, Test Loss: 0.1112, Test Acc: 97.23%, Best: 97.23%
[2026-04-12 18:15:52] Epoch: 15, Train Loss: 0.0912, Test Loss: 0.1095, Test Acc: 97.27%, Best: 97.27%
[2026-04-12 18:16:27] Epoch: 16, Train Loss: 0.0857, Test Loss: 0.1154, Test Acc: 97.22%, Best: 97.27%
[2026-04-12 18:16:59] Epoch: 17, Train Loss: 0.0789, Test Loss: 0.1153, Test Acc: 97.44%, Best: 97.44%
[2026-04-12 18:17:19] Epoch: 18, Train Loss: 0.0739, Test Loss: 0.1224, Test Acc: 97.20%, Best: 97.44%
[2026-04-12 18:17:33] Epoch: 19, Train Loss: 0.0703, Test Loss: 0.1230, Test Acc: 97.33%, Best: 97.44%
[2026-04-12 18:17:46] Epoch: 20, Train Loss: 0.0646, Test Loss: 0.1173, Test Acc: 97.34%, Best: 97.44%
[2026-04-12 18:17:46] 训练完成！最佳准确率: 97.44%
[2026-04-12 18:18:17] 程序运行完毕！

=======================================================
Transformer 分类器 + vae 自编码器 + mnist 数据集 
=======================================================
✅ 使用设备: cuda
✅ PyTorch 版本: 2.11.0+cu126
数据加载完成 → 训练集 60000 张 | 测试集 10000 张
✅ 使用设备: cuda
[2026-04-12 18:28:08] 使用设备: cuda
[2026-04-12 18:28:08] PyTorch 版本: 2.11.0+cu126
[2026-04-12 18:28:08] 数据加载完成 → 训练集 60000 张 | 测试集 10000 张
[2026-04-12 18:28:09] 开始训练 vae + Transformer 分类器
[2026-04-12 18:28:25] Epoch: 1, Train Loss: 1.5679, Test Loss: 0.7384, Test Acc: 87.23%, Best: 87.23%
[2026-04-12 18:28:46] Epoch: 2, Train Loss: 0.6431, Test Loss: 0.3043, Test Acc: 93.12%, Best: 93.12%
[2026-04-12 18:29:29] Epoch: 3, Train Loss: 0.3758, Test Loss: 0.1772, Test Acc: 95.59%, Best: 95.59%
[2026-04-12 18:30:08] Epoch: 4, Train Loss: 0.2637, Test Loss: 0.1304, Test Acc: 96.56%, Best: 96.56%
[2026-04-12 18:30:21] Epoch: 5, Train Loss: 0.2050, Test Loss: 0.1094, Test Acc: 97.03%, Best: 97.03%
[2026-04-12 18:30:33] Epoch: 6, Train Loss: 0.1732, Test Loss: 0.0968, Test Acc: 97.39%, Best: 97.39%
[2026-04-12 18:30:45] Epoch: 7, Train Loss: 0.1506, Test Loss: 0.0923, Test Acc: 97.51%, Best: 97.51%
[2026-04-12 18:30:56] Epoch: 8, Train Loss: 0.1367, Test Loss: 0.0872, Test Acc: 97.73%, Best: 97.73%
[2026-04-12 18:31:08] Epoch: 9, Train Loss: 0.1264, Test Loss: 0.0740, Test Acc: 98.02%, Best: 98.02%
[2026-04-12 18:31:20] Epoch: 10, Train Loss: 0.1110, Test Loss: 0.0815, Test Acc: 97.85%, Best: 98.02%
[2026-04-12 18:31:42] Epoch: 11, Train Loss: 0.1053, Test Loss: 0.0704, Test Acc: 98.09%, Best: 98.09%
[2026-04-12 18:32:36] Epoch: 12, Train Loss: 0.0952, Test Loss: 0.0682, Test Acc: 98.22%, Best: 98.22%
[2026-04-12 18:33:35] Epoch: 13, Train Loss: 0.0882, Test Loss: 0.0631, Test Acc: 98.32%, Best: 98.32%
[2026-04-12 18:34:01] Epoch: 14, Train Loss: 0.0852, Test Loss: 0.0732, Test Acc: 98.29%, Best: 98.32%
[2026-04-12 18:34:13] Epoch: 15, Train Loss: 0.0777, Test Loss: 0.0588, Test Acc: 98.43%, Best: 98.43%
[2026-04-12 18:34:25] Epoch: 16, Train Loss: 0.0750, Test Loss: 0.0666, Test Acc: 98.31%, Best: 98.43%
[2026-04-12 18:34:36] Epoch: 17, Train Loss: 0.0686, Test Loss: 0.0608, Test Acc: 98.45%, Best: 98.45%
[2026-04-12 18:34:48] Epoch: 18, Train Loss: 0.0671, Test Loss: 0.0717, Test Acc: 98.29%, Best: 98.45%
[2026-04-12 18:35:00] Epoch: 19, Train Loss: 0.0609, Test Loss: 0.0604, Test Acc: 98.61%, Best: 98.61%
[2026-04-12 18:35:11] Epoch: 20, Train Loss: 0.0575, Test Loss: 0.0568, Test Acc: 98.68%, Best: 98.68%
[2026-04-12 18:35:11] 训练完成！最佳准确率: 98.68%
[2026-04-12 18:35:41] 程序运行完毕！


=======================================================
Transformer 分类器 + conv_ae 自编码器 + mnist 数据集 
=======================================================
✅ 使用设备: cuda
✅ PyTorch 版本: 2.11.0+cu126
数据加载完成 → 训练集 60000 张 | 测试集 10000 张
✅ 使用设备: cuda
[2026-04-12 18:36:43] 使用设备: cuda
[2026-04-12 18:36:43] PyTorch 版本: 2.11.0+cu126
[2026-04-12 18:36:43] 数据加载完成 → 训练集 60000 张 | 测试集 10000 张
[2026-04-12 18:36:43] 开始训练 conv_ae + Transformer 分类器
[2026-04-12 18:37:16] Epoch: 1, Train Loss: 1.5773, Test Loss: 0.6802, Test Acc: 87.87%, Best: 87.87%
[2026-04-12 18:38:21] Epoch: 2, Train Loss: 0.5899, Test Loss: 0.2702, Test Acc: 93.53%, Best: 93.53%
[2026-04-12 18:39:29] Epoch: 3, Train Loss: 0.3444, Test Loss: 0.1630, Test Acc: 95.76%, Best: 95.76%
[2026-04-12 18:40:35] Epoch: 4, Train Loss: 0.2461, Test Loss: 0.1289, Test Acc: 96.42%, Best: 96.42%
[2026-04-12 18:41:09] Epoch: 5, Train Loss: 0.2009, Test Loss: 0.1117, Test Acc: 96.88%, Best: 96.88%
[2026-04-12 18:42:00] Epoch: 6, Train Loss: 0.1683, Test Loss: 0.0891, Test Acc: 97.57%, Best: 97.57%
[2026-04-12 18:42:36] Epoch: 7, Train Loss: 0.1478, Test Loss: 0.0872, Test Acc: 97.57%, Best: 97.57%
[2026-04-12 18:43:14] Epoch: 8, Train Loss: 0.1318, Test Loss: 0.0819, Test Acc: 97.88%, Best: 97.88%
[2026-04-12 18:44:14] Epoch: 9, Train Loss: 0.1195, Test Loss: 0.0827, Test Acc: 97.76%, Best: 97.88%
[2026-04-12 18:45:27] Epoch: 10, Train Loss: 0.1026, Test Loss: 0.0793, Test Acc: 97.86%, Best: 97.88%
[2026-04-12 18:46:42] Epoch: 11, Train Loss: 0.0951, Test Loss: 0.0749, Test Acc: 98.10%, Best: 98.10%
[2026-04-12 18:47:30] Epoch: 12, Train Loss: 0.0884, Test Loss: 0.0698, Test Acc: 98.26%, Best: 98.26%
[2026-04-12 18:47:48] Epoch: 13, Train Loss: 0.0797, Test Loss: 0.0685, Test Acc: 98.25%, Best: 98.26%
[2026-04-12 18:48:00] Epoch: 14, Train Loss: 0.0737, Test Loss: 0.0798, Test Acc: 98.06%, Best: 98.26%
[2026-04-12 18:48:11] Epoch: 15, Train Loss: 0.0693, Test Loss: 0.0653, Test Acc: 98.41%, Best: 98.41%
[2026-04-12 18:48:23] Epoch: 16, Train Loss: 0.0637, Test Loss: 0.0642, Test Acc: 98.48%, Best: 98.48%
[2026-04-12 18:48:35] Epoch: 17, Train Loss: 0.0598, Test Loss: 0.0683, Test Acc: 98.30%, Best: 98.48%
[2026-04-12 18:48:47] Epoch: 18, Train Loss: 0.0583, Test Loss: 0.0609, Test Acc: 98.54%, Best: 98.54%
[2026-04-12 18:48:58] Epoch: 19, Train Loss: 0.0534, Test Loss: 0.0668, Test Acc: 98.42%, Best: 98.54%
[2026-04-12 18:49:10] Epoch: 20, Train Loss: 0.0490, Test Loss: 0.0651, Test Acc: 98.64%, Best: 98.64%
[2026-04-12 18:49:10] 训练完成！最佳准确率: 98.64%
[2026-04-12 18:49:18] 程序运行完毕！
